2011-08-06 15:07:49,625 [http-8080-Processor20] INFO   - [HEM Desk --> HisUtil.Transaction Template.GenericDATA.LISTPAGE()] [hisDAO OPEN]
2011-08-06 15:07:49,625 [http-8080-Processor20] INFO   - [HEM Desk --> HisUtil.Transaction Template.GenericDATA.LISTPAGE()] [hisDAO CLOSE]
2011-08-06 15:07:49,640 [http-8080-Processor20] INFO   - [BMED --> BmedConfigMstDAO] [hisDAO OPEN]
2011-08-06 15:07:49,640 [http-8080-Processor20] INFO   - [BMED --> BmedConfigMstDAO] [hisDAO CLOSE]
2011-08-06 15:07:49,640 [http-8080-Processor20] INFO   - [BMED --> BmedConfigMstDAO] [hisDAO OPEN]
2011-08-06 15:07:49,640 [http-8080-Processor20] INFO   - [BMED --> BmedConfigMstDAO] [hisDAO CLOSE]
2011-08-06 15:07:49,640 [http-8080-Processor20] INFO   - [BMED --> BmedConfigMstDAO] [hisDAO OPEN]
2011-08-06 15:07:49,656 [http-8080-Processor20] INFO   - [BMED --> BmedConfigMstDAO] [hisDAO CLOSE]
2011-08-06 15:07:53,296 [http-8080-Processor20] INFO   - [BMED --> BmedConfigMstDAO] [hisDAO OPEN]
2011-08-06 15:07:53,296 [http-8080-Processor20] INFO   - [BMED --> BmedConfigMstDAO] [hisDAO CLOSE]
2011-08-06 15:07:53,296 [http-8080-Processor20] INFO   - [TransactionTemplate --> GenericDAO] [hisDAO OPEN]
2011-08-06 15:07:53,312 [http-8080-Processor20] INFO   - [TransactionTemplate --> GenericDAO] [hisDAO CLOSE]
2011-08-06 15:07:53,312 [http-8080-Processor20] INFO   - [BMED --> BmedConfigMstDAO] [hisDAO OPEN]
2011-08-06 15:07:53,312 [http-8080-Processor20] INFO   - [BMED --> BmedConfigMstDAO] [hisDAO CLOSE]
2011-08-06 15:07:53,312 [http-8080-Processor20] INFO   - [BMED --> BmedConfigMstDAO] [hisDAO OPEN]
2011-08-06 15:07:53,328 [http-8080-Processor20] INFO   - [BMED --> BmedConfigMstDAO] [hisDAO CLOSE]
2011-08-06 15:07:53,328 [http-8080-Processor20] INFO   - [BMED --> BmedConfigMstDAO] [hisDAO OPEN]
2011-08-06 15:07:53,328 [http-8080-Processor20] INFO   - [BMED --> BmedConfigMstDAO] [hisDAO CLOSE]
2011-08-06 15:07:53,328 [http-8080-Processor20] INFO   - [BMED --> BmedConfigMstDAO] [hisDAO OPEN]
2011-08-06 15:07:53,328 [http-8080-Processor20] INFO   - [BMED --> BmedConfigMstDAO] [hisDAO CLOSE]
2011-08-06 15:07:53,328 [http-8080-Processor20] INFO   - [BMED --> BmedConfigMstDAO] [hisDAO OPEN]
2011-08-06 15:07:53,343 [http-8080-Processor20] INFO   - [BMED --> BmedConfigMstDAO] [hisDAO CLOSE]
2011-08-06 15:07:53,343 [http-8080-Processor20] INFO   - [BMED --> BmedConfigMstDAO] [hisDAO OPEN]
2011-08-06 15:07:53,343 [http-8080-Processor20] INFO   - [BMED --> BmedConfigMstDAO] [hisDAO CLOSE]
2011-08-06 15:07:53,343 [http-8080-Processor20] INFO   - [HEM Desk --> HisUtil.Transaction Template.GenericDATA.DEFAULT()] [hisDAO OPEN]
2011-08-06 15:07:53,343 [http-8080-Processor20] INFO   - [HEM Desk --> HisUtil.Transaction Template.GenericDATA.DEFAULT()] [hisDAO CLOSE]
2011-08-06 15:07:53,343 [http-8080-Processor20] INFO   - [BMED --> BmedConfigMstDAO] [hisDAO OPEN]
2011-08-06 15:07:53,359 [http-8080-Processor20] INFO   - [BMED --> BmedConfigMstDAO] [hisDAO CLOSE]
2011-08-06 15:07:53,359 [http-8080-Processor20] INFO   - [BMED --> BmedConfigMstDAO] [hisDAO OPEN]
2011-08-06 15:07:53,359 [http-8080-Processor20] INFO   - [BMED --> BmedConfigMstDAO] [hisDAO CLOSE]
2011-08-06 15:07:53,359 [http-8080-Processor20] INFO   - [BMED --> BmedConfigMstDAO] [hisDAO OPEN]
2011-08-06 15:07:53,375 [http-8080-Processor20] INFO   - [BMED --> BmedConfigMstDAO] [hisDAO CLOSE]
2011-08-06 15:07:53,375 [http-8080-Processor20] INFO   - [HEM Desk --> HisUtil.Transaction Template.GenericDATA.DEFAULT()] [hisDAO OPEN]
2011-08-06 15:07:53,375 [http-8080-Processor20] INFO   - [HEM Desk --> HisUtil.Transaction Template.GenericDATA.DEFAULT()] [hisDAO CLOSE]
2011-08-06 15:07:53,375 [http-8080-Processor20] INFO   - [BMED --> BmedConfigMstDAO] [hisDAO OPEN]
2011-08-06 15:07:53,375 [http-8080-Processor20] INFO   - [BMED --> BmedConfigMstDAO] [hisDAO CLOSE]
2011-08-06 15:07:53,390 [http-8080-Processor20] INFO   - [BMED --> BmedConfigMstDAO] [hisDAO OPEN]
2011-08-06 15:07:53,390 [http-8080-Processor20] INFO   - [BMED --> BmedConfigMstDAO] [hisDAO CLOSE]
2011-08-06 15:07:53,390 [http-8080-Processor20] INFO   - [BMED --> BmedConfigMstDAO] [hisDAO OPEN]
2011-08-06 15:07:53,390 [http-8080-Processor20] INFO   - [BMED --> BmedConfigMstDAO] [hisDAO CLOSE]
2011-08-06 15:07:53,390 [http-8080-Processor20] INFO   - [HEM Desk --> HisUtil.Transaction Template.GenericDATA.DEFAULT()] [hisDAO OPEN]
2011-08-06 15:07:53,406 [http-8080-Processor20] INFO   - [HEM Desk --> HisUtil.Transaction Template.GenericDATA.DEFAULT()] [hisDAO CLOSE]
2011-08-06 15:07:53,406 [http-8080-Processor20] INFO   - [BMED --> BmedConfigMstDAO] [hisDAO OPEN]
2011-08-06 15:07:53,406 [http-8080-Processor20] INFO   - [BMED --> BmedConfigMstDAO] [hisDAO CLOSE]
2011-08-06 15:07:53,406 [http-8080-Processor20] INFO   - [BMED --> BmedConfigMstDAO] [hisDAO OPEN]
2011-08-06 15:07:53,421 [http-8080-Processor20] INFO   - [BMED --> BmedConfigMstDAO] [hisDAO CLOSE]
2011-08-06 15:07:53,421 [http-8080-Processor20] INFO   - [BMED --> BmedConfigMstDAO] [hisDAO OPEN]
2011-08-06 15:07:53,421 [http-8080-Processor20] INFO   - [BMED --> BmedConfigMstDAO] [hisDAO CLOSE]
2011-08-06 15:08:01,625 [http-8080-Processor20] INFO   - [bmed --> BmedTransBO] [hisDAO OPEN]
2011-08-06 15:08:01,703 [http-8080-Processor20] INFO   - [bmed --> BmedTransBO] [hisDAO CLOSE]
2011-08-06 15:09:59,781 [http-8080-Processor19] INFO   - [BMED --> BmedGlobalBO] [hisDAO OPEN]
2011-08-06 15:10:03,859 [http-8080-Processor19] INFO   - [TransactionTemplate --> getUserName] [hisDAO OPEN]
2011-08-06 15:10:03,875 [http-8080-Processor19] INFO   - [TransactionTemplate --> getUserName] [hisDAO CLOSE]
2011-08-06 15:10:04,140 [http-8080-Processor19] INFO   - [BMED --> BmedConfigMstDAO] [hisDAO OPEN]
2011-08-06 15:10:04,156 [http-8080-Processor19] INFO   - [BMED --> BmedConfigMstDAO] [hisDAO CLOSE]
2011-08-06 15:10:04,156 [http-8080-Processor19] INFO   - [TransactionTemplate --> GenericDAO] [hisDAO OPEN]
2011-08-06 15:10:04,171 [http-8080-Processor19] INFO   - [TransactionTemplate --> GenericDAO] [hisDAO CLOSE]
2011-08-06 15:10:04,171 [http-8080-Processor19] INFO   - [BMED --> BmedConfigMstDAO] [hisDAO OPEN]
2011-08-06 15:10:04,171 [http-8080-Processor19] INFO   - [BMED --> BmedConfigMstDAO] [hisDAO CLOSE]
2011-08-06 15:10:04,187 [http-8080-Processor19] INFO   - [BMED --> BmedConfigMstDAO] [hisDAO OPEN]
2011-08-06 15:10:04,187 [http-8080-Processor19] INFO   - [BMED --> BmedConfigMstDAO] [hisDAO CLOSE]
2011-08-06 15:10:04,187 [http-8080-Processor19] INFO   - [BMED --> BmedConfigMstDAO] [hisDAO OPEN]
2011-08-06 15:10:04,187 [http-8080-Processor19] INFO   - [BMED --> BmedConfigMstDAO] [hisDAO CLOSE]
2011-08-06 15:10:04,187 [http-8080-Processor19] INFO   - [BMED --> BmedConfigMstDAO] [hisDAO OPEN]
2011-08-06 15:10:04,203 [http-8080-Processor19] INFO   - [BMED --> BmedConfigMstDAO] [hisDAO CLOSE]
2011-08-06 15:10:04,203 [http-8080-Processor19] INFO   - [BMED --> BmedConfigMstDAO] [hisDAO OPEN]
2011-08-06 15:10:04,203 [http-8080-Processor19] INFO   - [BMED --> BmedConfigMstDAO] [hisDAO CLOSE]
2011-08-06 15:10:04,203 [http-8080-Processor19] INFO   - [BMED --> BmedConfigMstDAO] [hisDAO OPEN]
2011-08-06 15:10:04,218 [http-8080-Processor19] INFO   - [BMED --> BmedConfigMstDAO] [hisDAO CLOSE]
2011-08-06 15:10:04,218 [http-8080-Processor19] INFO   - [BMED --> BmedConfigMstDAO] [hisDAO OPEN]
2011-08-06 15:10:04,218 [http-8080-Processor19] INFO   - [BMED --> BmedConfigMstDAO] [hisDAO CLOSE]
2011-08-06 15:10:04,218 [http-8080-Processor19] INFO   - [BMED --> BmedConfigMstDAO] [hisDAO OPEN]
2011-08-06 15:10:04,218 [http-8080-Processor19] INFO   - [BMED --> BmedConfigMstDAO] [hisDAO CLOSE]
2011-08-06 15:10:04,218 [http-8080-Processor19] INFO   - [BMED --> BmedConfigMstDAO] [hisDAO OPEN]
2011-08-06 15:10:04,234 [http-8080-Processor19] INFO   - [BMED --> BmedConfigMstDAO] [hisDAO CLOSE]
2011-08-06 15:10:04,234 [http-8080-Processor19] INFO   - [BMED --> BmedConfigMstDAO] [hisDAO OPEN]
2011-08-06 15:10:04,234 [http-8080-Processor19] INFO   - [BMED --> BmedConfigMstDAO] [hisDAO CLOSE]
2011-08-06 15:10:04,234 [http-8080-Processor19] INFO   - [HEM Desk --> HisUtil.Transaction Template.GenericDATA.LISTPAGE()] [hisDAO OPEN]
2011-08-06 15:10:04,234 [http-8080-Processor19] INFO   - [HEM Desk --> HisUtil.Transaction Template.GenericDATA.LISTPAGE()] [hisDAO CLOSE]
2011-08-06 15:10:04,234 [http-8080-Processor19] INFO   - [BMED --> BmedConfigMstDAO] [hisDAO OPEN]
2011-08-06 15:10:04,250 [http-8080-Processor19] INFO   - [BMED --> BmedConfigMstDAO] [hisDAO CLOSE]
2011-08-06 15:10:04,250 [http-8080-Processor19] INFO   - [BMED --> BmedConfigMstDAO] [hisDAO OPEN]
2011-08-06 15:10:04,250 [http-8080-Processor19] INFO   - [BMED --> BmedConfigMstDAO] [hisDAO CLOSE]
2011-08-06 15:10:04,250 [http-8080-Processor19] INFO   - [BMED --> BmedConfigMstDAO] [hisDAO OPEN]
2011-08-06 15:10:04,250 [http-8080-Processor19] INFO   - [BMED --> BmedConfigMstDAO] [hisDAO CLOSE]
2011-08-06 15:10:04,250 [http-8080-Processor19] INFO   - [HEM Desk --> HisUtil.Transaction Template.GenericDATA.LISTPAGE()] [hisDAO OPEN]
2011-08-06 15:10:04,265 [http-8080-Processor19] INFO   - [HEM Desk --> HisUtil.Transaction Template.GenericDATA.LISTPAGE()] [hisDAO CLOSE]
2011-08-06 15:10:04,265 [http-8080-Processor19] INFO   - [BMED --> BmedConfigMstDAO] [hisDAO OPEN]
2011-08-06 15:10:04,265 [http-8080-Processor19] INFO   - [BMED --> BmedConfigMstDAO] [hisDAO CLOSE]
2011-08-06 15:10:04,265 [http-8080-Processor19] INFO   - [BMED --> BmedConfigMstDAO] [hisDAO OPEN]
2011-08-06 15:10:04,265 [http-8080-Processor19] INFO   - [BMED --> BmedConfigMstDAO] [hisDAO CLOSE]
2011-08-06 15:10:04,281 [http-8080-Processor19] INFO   - [BMED --> BmedConfigMstDAO] [hisDAO OPEN]
2011-08-06 15:10:04,281 [http-8080-Processor19] INFO   - [BMED --> BmedConfigMstDAO] [hisDAO CLOSE]
2011-08-06 15:10:04,281 [http-8080-Processor19] INFO   - [HEM Desk --> HisUtil.Transaction Template.GenericDATA.LISTPAGE()] [hisDAO OPEN]
2011-08-06 15:10:04,281 [http-8080-Processor19] INFO   - [HEM Desk --> HisUtil.Transaction Template.GenericDATA.LISTPAGE()] [hisDAO CLOSE]
2011-08-06 15:10:04,281 [http-8080-Processor19] INFO   - [BMED --> BmedConfigMstDAO] [hisDAO OPEN]
2011-08-06 15:10:04,296 [http-8080-Processor19] INFO   - [BMED --> BmedConfigMstDAO] [hisDAO CLOSE]
2011-08-06 15:10:04,296 [http-8080-Processor19] INFO   - [BMED --> BmedConfigMstDAO] [hisDAO OPEN]
2011-08-06 15:10:04,296 [http-8080-Processor19] INFO   - [BMED --> BmedConfigMstDAO] [hisDAO CLOSE]
2011-08-06 15:10:04,296 [http-8080-Processor19] INFO   - [BMED --> BmedConfigMstDAO] [hisDAO OPEN]
2011-08-06 15:10:04,296 [http-8080-Processor19] INFO   - [BMED --> BmedConfigMstDAO] [hisDAO CLOSE]
2011-08-06 15:10:07,234 [http-8080-Processor19] INFO   - [BMED --> BmedConfigMstDAO] [hisDAO OPEN]
2011-08-06 15:10:07,234 [http-8080-Processor19] INFO   - [BMED --> BmedConfigMstDAO] [hisDAO CLOSE]
2011-08-06 15:10:07,234 [http-8080-Processor19] INFO   - [TransactionTemplate --> GenericDAO] [hisDAO OPEN]
2011-08-06 15:10:07,250 [http-8080-Processor19] INFO   - [TransactionTemplate --> GenericDAO] [hisDAO CLOSE]
2011-08-06 15:10:07,250 [http-8080-Processor19] INFO   - [BMED --> BmedConfigMstDAO] [hisDAO OPEN]
2011-08-06 15:10:07,250 [http-8080-Processor19] INFO   - [BMED --> BmedConfigMstDAO] [hisDAO CLOSE]
2011-08-06 15:10:07,265 [http-8080-Processor19] INFO   - [BMED --> BmedConfigMstDAO] [hisDAO OPEN]
2011-08-06 15:10:07,265 [http-8080-Processor19] INFO   - [BMED --> BmedConfigMstDAO] [hisDAO CLOSE]
2011-08-06 15:10:07,265 [http-8080-Processor19] INFO   - [BMED --> BmedConfigMstDAO] [hisDAO OPEN]
2011-08-06 15:10:07,265 [http-8080-Processor19] INFO   - [BMED --> BmedConfigMstDAO] [hisDAO CLOSE]
2011-08-06 15:10:07,265 [http-8080-Processor19] INFO   - [BMED --> BmedConfigMstDAO] [hisDAO OPEN]
2011-08-06 15:10:07,265 [http-8080-Processor19] INFO   - [BMED --> BmedConfigMstDAO] [hisDAO CLOSE]
2011-08-06 15:10:07,265 [http-8080-Processor19] INFO   - [BMED --> BmedConfigMstDAO] [hisDAO OPEN]
2011-08-06 15:10:07,281 [http-8080-Processor19] INFO   - [BMED --> BmedConfigMstDAO] [hisDAO CLOSE]
2011-08-06 15:10:07,281 [http-8080-Processor19] INFO   - [BMED --> BmedConfigMstDAO] [hisDAO OPEN]
2011-08-06 15:10:07,281 [http-8080-Processor19] INFO   - [BMED --> BmedConfigMstDAO] [hisDAO CLOSE]
2011-08-06 15:10:07,281 [http-8080-Processor19] INFO   - [HEM Desk --> HisUtil.Transaction Template.GenericDATA.DEFAULT()] [hisDAO OPEN]
2011-08-06 15:10:07,296 [http-8080-Processor19] INFO   - [HEM Desk --> HisUtil.Transaction Template.GenericDATA.DEFAULT()] [hisDAO CLOSE]
2011-08-06 15:10:07,296 [http-8080-Processor19] INFO   - [BMED --> BmedConfigMstDAO] [hisDAO OPEN]
2011-08-06 15:10:07,296 [http-8080-Processor19] INFO   - [BMED --> BmedConfigMstDAO] [hisDAO CLOSE]
2011-08-06 15:10:07,296 [http-8080-Processor19] INFO   - [BMED --> BmedConfigMstDAO] [hisDAO OPEN]
2011-08-06 15:10:07,296 [http-8080-Processor19] INFO   - [BMED --> BmedConfigMstDAO] [hisDAO CLOSE]
2011-08-06 15:10:07,296 [http-8080-Processor19] INFO   - [BMED --> BmedConfigMstDAO] [hisDAO OPEN]
2011-08-06 15:10:07,312 [http-8080-Processor19] INFO   - [BMED --> BmedConfigMstDAO] [hisDAO CLOSE]
2011-08-06 15:10:07,312 [http-8080-Processor19] INFO   - [HEM Desk --> HisUtil.Transaction Template.GenericDATA.DEFAULT()] [hisDAO OPEN]
2011-08-06 15:10:07,312 [http-8080-Processor19] INFO   - [HEM Desk --> HisUtil.Transaction Template.GenericDATA.DEFAULT()] [hisDAO CLOSE]
2011-08-06 15:10:07,312 [http-8080-Processor19] INFO   - [BMED --> BmedConfigMstDAO] [hisDAO OPEN]
2011-08-06 15:10:07,312 [http-8080-Processor19] INFO   - [BMED --> BmedConfigMstDAO] [hisDAO CLOSE]
2011-08-06 15:10:07,312 [http-8080-Processor19] INFO   - [BMED --> BmedConfigMstDAO] [hisDAO OPEN]
2011-08-06 15:10:07,328 [http-8080-Processor19] INFO   - [BMED --> BmedConfigMstDAO] [hisDAO CLOSE]
2011-08-06 15:10:07,328 [http-8080-Processor19] INFO   - [BMED --> BmedConfigMstDAO] [hisDAO OPEN]
2011-08-06 15:10:07,328 [http-8080-Processor19] INFO   - [BMED --> BmedConfigMstDAO] [hisDAO CLOSE]
2011-08-06 15:10:07,328 [http-8080-Processor19] INFO   - [HEM Desk --> HisUtil.Transaction Template.GenericDATA.DEFAULT()] [hisDAO OPEN]
2011-08-06 15:10:07,328 [http-8080-Processor19] INFO   - [HEM Desk --> HisUtil.Transaction Template.GenericDATA.DEFAULT()] [hisDAO CLOSE]
2011-08-06 15:10:07,328 [http-8080-Processor19] INFO   - [BMED --> BmedConfigMstDAO] [hisDAO OPEN]
2011-08-06 15:10:07,343 [http-8080-Processor19] INFO   - [BMED --> BmedConfigMstDAO] [hisDAO CLOSE]
2011-08-06 15:10:07,343 [http-8080-Processor19] INFO   - [BMED --> BmedConfigMstDAO] [hisDAO OPEN]
2011-08-06 15:10:07,343 [http-8080-Processor19] INFO   - [BMED --> BmedConfigMstDAO] [hisDAO CLOSE]
2011-08-06 15:10:07,343 [http-8080-Processor19] INFO   - [BMED --> BmedConfigMstDAO] [hisDAO OPEN]
2011-08-06 15:10:07,343 [http-8080-Processor19] INFO   - [BMED --> BmedConfigMstDAO] [hisDAO CLOSE]
2011-08-06 15:10:10,828 [http-8080-Processor19] INFO   - [bmed --> BmedTransBO] [hisDAO OPEN]
2011-08-06 15:10:10,859 [http-8080-Processor19] INFO   - [bmed --> BmedTransBO] [hisDAO CLOSE]
2011-08-06 15:10:10,859 [http-8080-Processor19] INFO   - [BMED --> BmedGlobalBO] [hisDAO OPEN]
2011-08-06 15:15:31,609 [http-8080-Processor20] INFO   - [TransactionTemplate --> getUserName] [hisDAO OPEN]
2011-08-06 15:15:31,625 [http-8080-Processor20] INFO   - [TransactionTemplate --> getUserName] [hisDAO CLOSE]
2011-08-06 15:15:31,734 [http-8080-Processor20] INFO   - [BMED --> BmedConfigMstDAO] [hisDAO OPEN]
2011-08-06 15:15:31,734 [http-8080-Processor20] INFO   - [BMED --> BmedConfigMstDAO] [hisDAO CLOSE]
2011-08-06 15:15:31,750 [http-8080-Processor20] INFO   - [TransactionTemplate --> GenericDAO] [hisDAO OPEN]
2011-08-06 15:15:31,750 [http-8080-Processor20] INFO   - [TransactionTemplate --> GenericDAO] [hisDAO CLOSE]
2011-08-06 15:15:31,750 [http-8080-Processor20] INFO   - [BMED --> BmedConfigMstDAO] [hisDAO OPEN]
2011-08-06 15:15:31,765 [http-8080-Processor20] INFO   - [BMED --> BmedConfigMstDAO] [hisDAO CLOSE]
2011-08-06 15:15:31,765 [http-8080-Processor20] INFO   - [BMED --> BmedConfigMstDAO] [hisDAO OPEN]
2011-08-06 15:15:31,765 [http-8080-Processor20] INFO   - [BMED --> BmedConfigMstDAO] [hisDAO CLOSE]
2011-08-06 15:15:31,765 [http-8080-Processor20] INFO   - [BMED --> BmedConfigMstDAO] [hisDAO OPEN]
2011-08-06 15:15:31,765 [http-8080-Processor20] INFO   - [BMED --> BmedConfigMstDAO] [hisDAO CLOSE]
2011-08-06 15:15:31,781 [http-8080-Processor20] INFO   - [BMED --> BmedConfigMstDAO] [hisDAO OPEN]
2011-08-06 15:15:31,781 [http-8080-Processor20] INFO   - [BMED --> BmedConfigMstDAO] [hisDAO CLOSE]
2011-08-06 15:15:31,781 [http-8080-Processor20] INFO   - [BMED --> BmedConfigMstDAO] [hisDAO OPEN]
2011-08-06 15:15:31,796 [http-8080-Processor20] INFO   - [BMED --> BmedConfigMstDAO] [hisDAO CLOSE]
2011-08-06 15:15:31,796 [http-8080-Processor20] INFO   - [BMED --> BmedConfigMstDAO] [hisDAO OPEN]
2011-08-06 15:15:31,796 [http-8080-Processor20] INFO   - [BMED --> BmedConfigMstDAO] [hisDAO CLOSE]
2011-08-06 15:15:31,796 [http-8080-Processor20] INFO   - [BMED --> BmedConfigMstDAO] [hisDAO OPEN]
2011-08-06 15:15:31,812 [http-8080-Processor20] INFO   - [BMED --> BmedConfigMstDAO] [hisDAO CLOSE]
2011-08-06 15:15:31,812 [http-8080-Processor20] INFO   - [BMED --> BmedConfigMstDAO] [hisDAO OPEN]
2011-08-06 15:15:31,812 [http-8080-Processor20] INFO   - [BMED --> BmedConfigMstDAO] [hisDAO CLOSE]
2011-08-06 15:15:31,812 [http-8080-Processor20] INFO   - [BMED --> BmedConfigMstDAO] [hisDAO OPEN]
2011-08-06 15:15:31,812 [http-8080-Processor20] INFO   - [BMED --> BmedConfigMstDAO] [hisDAO CLOSE]
2011-08-06 15:15:31,812 [http-8080-Processor20] INFO   - [BMED --> BmedConfigMstDAO] [hisDAO OPEN]
2011-08-06 15:15:31,828 [http-8080-Processor20] INFO   - [BMED --> BmedConfigMstDAO] [hisDAO CLOSE]
2011-08-06 15:15:31,828 [http-8080-Processor20] INFO   - [HEM Desk --> HisUtil.Transaction Template.GenericDATA.LISTPAGE()] [hisDAO OPEN]
2011-08-06 15:15:31,828 [http-8080-Processor20] INFO   - [HEM Desk --> HisUtil.Transaction Template.GenericDATA.LISTPAGE()] [hisDAO CLOSE]
2011-08-06 15:15:31,828 [http-8080-Processor20] INFO   - [BMED --> BmedConfigMstDAO] [hisDAO OPEN]
2011-08-06 15:15:31,828 [http-8080-Processor20] INFO   - [BMED --> BmedConfigMstDAO] [hisDAO CLOSE]
2011-08-06 15:15:31,828 [http-8080-Processor20] INFO   - [BMED --> BmedConfigMstDAO] [hisDAO OPEN]
2011-08-06 15:15:31,843 [http-8080-Processor20] INFO   - [BMED --> BmedConfigMstDAO] [hisDAO CLOSE]
2011-08-06 15:15:31,843 [http-8080-Processor20] INFO   - [BMED --> BmedConfigMstDAO] [hisDAO OPEN]
2011-08-06 15:15:31,843 [http-8080-Processor20] INFO   - [BMED --> BmedConfigMstDAO] [hisDAO CLOSE]
2011-08-06 15:15:31,843 [http-8080-Processor20] INFO   - [HEM Desk --> HisUtil.Transaction Template.GenericDATA.LISTPAGE()] [hisDAO OPEN]
2011-08-06 15:15:31,843 [http-8080-Processor20] INFO   - [HEM Desk --> HisUtil.Transaction Template.GenericDATA.LISTPAGE()] [hisDAO CLOSE]
2011-08-06 15:15:31,859 [http-8080-Processor20] INFO   - [BMED --> BmedConfigMstDAO] [hisDAO OPEN]
2011-08-06 15:15:31,859 [http-8080-Processor20] INFO   - [BMED --> BmedConfigMstDAO] [hisDAO CLOSE]
2011-08-06 15:15:31,859 [http-8080-Processor20] INFO   - [BMED --> BmedConfigMstDAO] [hisDAO OPEN]
2011-08-06 15:15:31,859 [http-8080-Processor20] INFO   - [BMED --> BmedConfigMstDAO] [hisDAO CLOSE]
2011-08-06 15:15:31,859 [http-8080-Processor20] INFO   - [BMED --> BmedConfigMstDAO] [hisDAO OPEN]
2011-08-06 15:15:31,875 [http-8080-Processor20] INFO   - [BMED --> BmedConfigMstDAO] [hisDAO CLOSE]
2011-08-06 15:15:31,875 [http-8080-Processor20] INFO   - [HEM Desk --> HisUtil.Transaction Template.GenericDATA.LISTPAGE()] [hisDAO OPEN]
2011-08-06 15:15:31,875 [http-8080-Processor20] INFO   - [HEM Desk --> HisUtil.Transaction Template.GenericDATA.LISTPAGE()] [hisDAO CLOSE]
2011-08-06 15:15:31,875 [http-8080-Processor20] INFO   - [BMED --> BmedConfigMstDAO] [hisDAO OPEN]
2011-08-06 15:15:31,875 [http-8080-Processor20] INFO   - [BMED --> BmedConfigMstDAO] [hisDAO CLOSE]
2011-08-06 15:15:31,875 [http-8080-Processor20] INFO   - [BMED --> BmedConfigMstDAO] [hisDAO OPEN]
2011-08-06 15:15:31,890 [http-8080-Processor20] INFO   - [BMED --> BmedConfigMstDAO] [hisDAO CLOSE]
2011-08-06 15:15:31,890 [http-8080-Processor20] INFO   - [BMED --> BmedConfigMstDAO] [hisDAO OPEN]
2011-08-06 15:15:31,890 [http-8080-Processor20] INFO   - [BMED --> BmedConfigMstDAO] [hisDAO CLOSE]
2011-08-06 15:15:34,406 [http-8080-Processor20] INFO   - [BMED --> BmedConfigMstDAO] [hisDAO OPEN]
2011-08-06 15:15:34,406 [http-8080-Processor20] INFO   - [BMED --> BmedConfigMstDAO] [hisDAO CLOSE]
2011-08-06 15:15:34,406 [http-8080-Processor20] INFO   - [TransactionTemplate --> GenericDAO] [hisDAO OPEN]
2011-08-06 15:15:34,421 [http-8080-Processor20] INFO   - [TransactionTemplate --> GenericDAO] [hisDAO CLOSE]
2011-08-06 15:15:34,421 [http-8080-Processor20] INFO   - [BMED --> BmedConfigMstDAO] [hisDAO OPEN]
2011-08-06 15:15:34,437 [http-8080-Processor20] INFO   - [BMED --> BmedConfigMstDAO] [hisDAO CLOSE]
2011-08-06 15:15:34,437 [http-8080-Processor20] INFO   - [BMED --> BmedConfigMstDAO] [hisDAO OPEN]
2011-08-06 15:15:34,437 [http-8080-Processor20] INFO   - [BMED --> BmedConfigMstDAO] [hisDAO CLOSE]
2011-08-06 15:15:34,437 [http-8080-Processor20] INFO   - [BMED --> BmedConfigMstDAO] [hisDAO OPEN]
2011-08-06 15:15:34,437 [http-8080-Processor20] INFO   - [BMED --> BmedConfigMstDAO] [hisDAO CLOSE]
2011-08-06 15:15:34,437 [http-8080-Processor20] INFO   - [BMED --> BmedConfigMstDAO] [hisDAO OPEN]
2011-08-06 15:15:34,453 [http-8080-Processor20] INFO   - [BMED --> BmedConfigMstDAO] [hisDAO CLOSE]
2011-08-06 15:15:34,453 [http-8080-Processor20] INFO   - [BMED --> BmedConfigMstDAO] [hisDAO OPEN]
2011-08-06 15:15:34,453 [http-8080-Processor20] INFO   - [BMED --> BmedConfigMstDAO] [hisDAO CLOSE]
2011-08-06 15:15:34,453 [http-8080-Processor20] INFO   - [BMED --> BmedConfigMstDAO] [hisDAO OPEN]
2011-08-06 15:15:34,453 [http-8080-Processor20] INFO   - [BMED --> BmedConfigMstDAO] [hisDAO CLOSE]
2011-08-06 15:15:34,453 [http-8080-Processor20] INFO   - [HEM Desk --> HisUtil.Transaction Template.GenericDATA.DEFAULT()] [hisDAO OPEN]
2011-08-06 15:15:34,468 [http-8080-Processor20] INFO   - [HEM Desk --> HisUtil.Transaction Template.GenericDATA.DEFAULT()] [hisDAO CLOSE]
2011-08-06 15:15:34,468 [http-8080-Processor20] INFO   - [BMED --> BmedConfigMstDAO] [hisDAO OPEN]
2011-08-06 15:15:34,468 [http-8080-Processor20] INFO   - [BMED --> BmedConfigMstDAO] [hisDAO CLOSE]
2011-08-06 15:15:34,468 [http-8080-Processor20] INFO   - [BMED --> BmedConfigMstDAO] [hisDAO OPEN]
2011-08-06 15:15:34,468 [http-8080-Processor20] INFO   - [BMED --> BmedConfigMstDAO] [hisDAO CLOSE]
2011-08-06 15:15:34,484 [http-8080-Processor20] INFO   - [BMED --> BmedConfigMstDAO] [hisDAO OPEN]
2011-08-06 15:15:34,484 [http-8080-Processor20] INFO   - [BMED --> BmedConfigMstDAO] [hisDAO CLOSE]
2011-08-06 15:15:34,484 [http-8080-Processor20] INFO   - [HEM Desk --> HisUtil.Transaction Template.GenericDATA.DEFAULT()] [hisDAO OPEN]
2011-08-06 15:15:34,484 [http-8080-Processor20] INFO   - [HEM Desk --> HisUtil.Transaction Template.GenericDATA.DEFAULT()] [hisDAO CLOSE]
2011-08-06 15:15:34,484 [http-8080-Processor20] INFO   - [BMED --> BmedConfigMstDAO] [hisDAO OPEN]
2011-08-06 15:15:34,500 [http-8080-Processor20] INFO   - [BMED --> BmedConfigMstDAO] [hisDAO CLOSE]
2011-08-06 15:15:34,500 [http-8080-Processor20] INFO   - [BMED --> BmedConfigMstDAO] [hisDAO OPEN]
2011-08-06 15:15:34,500 [http-8080-Processor20] INFO   - [BMED --> BmedConfigMstDAO] [hisDAO CLOSE]
2011-08-06 15:15:34,500 [http-8080-Processor20] INFO   - [BMED --> BmedConfigMstDAO] [hisDAO OPEN]
2011-08-06 15:15:34,500 [http-8080-Processor20] INFO   - [BMED --> BmedConfigMstDAO] [hisDAO CLOSE]
2011-08-06 15:15:34,515 [http-8080-Processor20] INFO   - [HEM Desk --> HisUtil.Transaction Template.GenericDATA.DEFAULT()] [hisDAO OPEN]
2011-08-06 15:15:34,515 [http-8080-Processor20] INFO   - [HEM Desk --> HisUtil.Transaction Template.GenericDATA.DEFAULT()] [hisDAO CLOSE]
2011-08-06 15:15:34,515 [http-8080-Processor20] INFO   - [BMED --> BmedConfigMstDAO] [hisDAO OPEN]
2011-08-06 15:15:34,531 [http-8080-Processor20] INFO   - [BMED --> BmedConfigMstDAO] [hisDAO CLOSE]
2011-08-06 15:15:34,531 [http-8080-Processor20] INFO   - [BMED --> BmedConfigMstDAO] [hisDAO OPEN]
2011-08-06 15:15:34,531 [http-8080-Processor20] INFO   - [BMED --> BmedConfigMstDAO] [hisDAO CLOSE]
2011-08-06 15:15:34,546 [http-8080-Processor20] INFO   - [BMED --> BmedConfigMstDAO] [hisDAO OPEN]
2011-08-06 15:15:34,546 [http-8080-Processor20] INFO   - [BMED --> BmedConfigMstDAO] [hisDAO CLOSE]
2011-08-06 15:15:37,156 [http-8080-Processor20] INFO   - [bmed --> BmedTransBO] [hisDAO OPEN]
2011-08-06 15:15:37,203 [http-8080-Processor20] INFO   - [bmed --> BmedTransBO] [hisDAO CLOSE]
2011-08-06 15:15:37,203 [http-8080-Processor20] INFO   - [BMED --> BmedGlobalBO] [hisDAO OPEN]
2011-08-06 15:41:44,187 [main] INFO  org.quartz.core.QuartzScheduler - Scheduler DefaultQuartzScheduler_$_NON_CLUSTERED shutting down.
2011-08-06 15:41:44,234 [main] INFO  org.quartz.core.QuartzScheduler - Scheduler DefaultQuartzScheduler_$_NON_CLUSTERED paused.
2011-08-06 15:41:44,234 [main] INFO  org.quartz.core.QuartzScheduler - Scheduler DefaultQuartzScheduler_$_NON_CLUSTERED shutdown complete.
2011-08-06 15:41:44,234 [main] INFO  org.apache.catalina.core.ContainerBase.[Catalina].[localhost].[/AHIMS] - QuartzInitializer: Quartz Scheduler successful shutdown.
2011-08-06 15:41:44,234 [main] INFO  org.apache.struts.tiles.TilesRequestProcessor - Tiles definition factory found for request processor '/accounts/cash'.
2011-08-06 15:41:44,234 [main] INFO  org.apache.struts.tiles.TilesRequestProcessor - Tiles definition factory found for request processor '/registration'.
2011-08-06 15:41:44,234 [main] INFO  org.apache.struts.tiles.TilesRequestProcessor - Tiles definition factory found for request processor '/accounts/budget'.
2011-08-06 15:41:44,234 [main] INFO  org.apache.struts.tiles.TilesRequestProcessor - Tiles definition factory found for request processor '/alertmanagement'.
2011-08-06 15:41:44,234 [main] INFO  org.apache.struts.tiles.TilesRequestProcessor - Tiles definition factory found for request processor '/ipd'.
2011-08-06 15:41:44,234 [main] INFO  org.apache.struts.tiles.TilesRequestProcessor - Tiles definition factory found for request processor '/mms'.
2011-08-06 15:41:44,234 [main] INFO  org.apache.struts.tiles.TilesRequestProcessor - Tiles definition factory found for request processor '/opd'.
2011-08-06 15:41:44,234 [main] INFO  org.apache.struts.tiles.TilesRequestProcessor - Tiles definition factory found for request processor ''.
2011-08-06 15:41:44,234 [main] INFO  org.apache.struts.tiles.TilesRequestProcessor - Tiles definition factory found for request processor '/accounts/paybill'.
2011-08-06 15:41:44,234 [main] INFO  org.apache.struts.tiles.TilesRequestProcessor - Tiles definition factory found for request processor '/purchase'.
2011-08-06 15:41:44,234 [main] INFO  org.apache.struts.tiles.TilesRequestProcessor - Tiles definition factory found for request processor '/dutyroster'.
2011-08-06 15:41:44,234 [main] INFO  org.apache.struts.tiles.TilesRequestProcessor - Tiles definition factory found for request processor '/hisglobal/utility/dynamicdesk'.
2011-08-06 15:41:44,234 [main] INFO  org.apache.struts.tiles.TilesRequestProcessor - Tiles definition factory found for request processor '/disaster'.
2011-08-06 15:41:44,234 [main] INFO  org.apache.struts.tiles.TilesRequestProcessor - Tiles definition factory found for request processor '/transport'.
2011-08-06 15:41:44,234 [main] INFO  org.apache.struts.tiles.TilesRequestProcessor - Tiles definition factory found for request processor '/accounts/fee'.
2011-08-06 15:41:44,234 [main] INFO  org.apache.struts.tiles.TilesRequestProcessor - Tiles definition factory found for request processor '/enquiry'.
2011-08-06 15:41:44,234 [main] INFO  org.apache.struts.tiles.TilesRequestProcessor - Tiles definition factory found for request processor '/accounts/compilation'.
2011-08-06 15:41:44,234 [main] INFO  org.apache.struts.tiles.TilesRequestProcessor - Tiles definition factory found for request processor '/accounts/contingency'.
2011-08-06 15:41:44,234 [main] INFO  org.apache.struts.tiles.TilesRequestProcessor - Tiles definition factory found for request processor '/inpatient'.
2011-08-06 15:41:44,234 [main] INFO  org.apache.struts.tiles.TilesRequestProcessor - Tiles definition factory found for request processor '/hr/pis'.
2011-08-06 15:41:44,234 [main] INFO  org.apache.struts.tiles.TilesRequestProcessor - Tiles definition factory found for request processor '/mrd'.
2011-08-06 15:41:44,234 [main] INFO  org.apache.struts.tiles.TilesRequestProcessor - Tiles definition factory found for request processor '/utility'.
2011-08-06 15:41:44,234 [main] INFO  org.apache.struts.tiles.TilesRequestProcessor - Definition Factory not found for module '/hisglobal/utility/generictemplate'. Have you declared the appropriate plugin in struts-config.xml ?
2011-08-06 15:41:44,234 [main] INFO  org.apache.struts.tiles.TilesRequestProcessor - Tiles definition factory found for request processor '/bloodbank'.
2011-08-06 15:41:44,234 [main] INFO  org.apache.struts.tiles.TilesRequestProcessor - Tiles definition factory found for request processor '/billing'.
2011-08-06 15:41:44,234 [main] INFO  org.apache.struts.tiles.TilesRequestProcessor - Tiles definition factory found for request processor '/mortuary'.
2011-08-06 15:41:44,234 [main] INFO  org.apache.struts.tiles.TilesRequestProcessor - Tiles definition factory found for request processor '/accounts/internalaudit'.
2011-08-06 15:41:44,234 [main] INFO  org.apache.struts.tiles.TilesRequestProcessor - Tiles definition factory found for request processor '/appointment'.
2011-08-06 15:41:44,234 [main] INFO  org.apache.struts.tiles.TilesRequestProcessor - Tiles definition factory found for request processor '/hisglobal/utility/committeMemberRecommendation'.
2011-08-06 15:41:44,234 [main] INFO  org.apache.struts.tiles.TilesRequestProcessor - Tiles definition factory found for request processor '/accounts/privategrants'.
2011-08-06 15:41:44,234 [main] INFO  org.apache.struts.tiles.TilesRequestProcessor - Tiles definition factory found for request processor '/investigation'.
2011-08-06 15:41:44,234 [main] INFO  org.apache.struts.tiles.TilesRequestProcessor - Tiles definition factory found for request processor '/hr/tada'.
2011-08-08 10:41:54,250 [http-8080-Processor21] INFO   - [TransactionTemplate --> getUserName] [hisDAO OPEN]
2011-08-08 10:41:54,375 [http-8080-Processor21] INFO   - [TransactionTemplate --> getUserName] [hisDAO CLOSE]
2011-08-08 10:41:54,640 [http-8080-Processor21] INFO  org.apache.struts.util.PropertyMessageResources - Initializing, config='org.apache.struts.taglib.html.LocalStrings', returnNull=true
2011-08-08 10:41:54,640 [http-8080-Processor21] INFO  org.apache.struts.util.PropertyMessageResources - Initializing, config='org.apache.struts.util.LocalStrings', returnNull=true
2011-08-08 10:41:55,484 [http-8080-Processor21] INFO   - [BMED --> BmedConfigMstDAO] [hisDAO OPEN]
2011-08-08 10:41:55,812 [http-8080-Processor21] INFO   - [BMED --> BmedConfigMstDAO] [hisDAO CLOSE]
2011-08-08 10:41:55,812 [http-8080-Processor21] INFO   - [TransactionTemplate --> GenericDAO] [hisDAO OPEN]
2011-08-08 10:41:56,343 [http-8080-Processor21] INFO   - [TransactionTemplate --> GenericDAO] [hisDAO CLOSE]
2011-08-08 10:41:56,343 [http-8080-Processor21] INFO   - [BMED --> BmedConfigMstDAO] [hisDAO OPEN]
2011-08-08 10:41:56,343 [http-8080-Processor21] INFO   - [BMED --> BmedConfigMstDAO] [hisDAO CLOSE]
2011-08-08 10:41:56,359 [http-8080-Processor21] INFO   - [BMED --> BmedConfigMstDAO] [hisDAO OPEN]
2011-08-08 10:41:56,359 [http-8080-Processor21] INFO   - [BMED --> BmedConfigMstDAO] [hisDAO CLOSE]
2011-08-08 10:41:56,359 [http-8080-Processor21] INFO   - [BMED --> BmedConfigMstDAO] [hisDAO OPEN]
2011-08-08 10:41:56,375 [http-8080-Processor21] INFO   - [BMED --> BmedConfigMstDAO] [hisDAO CLOSE]
2011-08-08 10:41:56,375 [http-8080-Processor21] INFO   - [BMED --> BmedConfigMstDAO] [hisDAO OPEN]
2011-08-08 10:41:56,375 [http-8080-Processor21] INFO   - [BMED --> BmedConfigMstDAO] [hisDAO CLOSE]
2011-08-08 10:41:56,390 [http-8080-Processor21] INFO   - [BMED --> BmedConfigMstDAO] [hisDAO OPEN]
2011-08-08 10:41:56,406 [http-8080-Processor21] INFO   - [BMED --> BmedConfigMstDAO] [hisDAO CLOSE]
2011-08-08 10:41:56,406 [http-8080-Processor21] INFO   - [BMED --> BmedConfigMstDAO] [hisDAO OPEN]
2011-08-08 10:41:56,406 [http-8080-Processor21] INFO   - [BMED --> BmedConfigMstDAO] [hisDAO CLOSE]
2011-08-08 10:41:56,406 [http-8080-Processor21] INFO   - [BMED --> BmedConfigMstDAO] [hisDAO OPEN]
2011-08-08 10:41:56,421 [http-8080-Processor21] INFO   - [BMED --> BmedConfigMstDAO] [hisDAO CLOSE]
2011-08-08 10:41:56,421 [http-8080-Processor21] INFO   - [BMED --> BmedConfigMstDAO] [hisDAO OPEN]
2011-08-08 10:41:56,421 [http-8080-Processor21] INFO   - [BMED --> BmedConfigMstDAO] [hisDAO CLOSE]
2011-08-08 10:41:56,437 [http-8080-Processor21] INFO   - [BMED --> BmedConfigMstDAO] [hisDAO OPEN]
2011-08-08 10:41:56,437 [http-8080-Processor21] INFO   - [BMED --> BmedConfigMstDAO] [hisDAO CLOSE]
2011-08-08 10:41:56,437 [http-8080-Processor21] INFO   - [BMED --> BmedConfigMstDAO] [hisDAO OPEN]
2011-08-08 10:41:56,453 [http-8080-Processor21] INFO   - [BMED --> BmedConfigMstDAO] [hisDAO CLOSE]
2011-08-08 10:41:56,453 [http-8080-Processor21] INFO   - [HEM Desk --> HisUtil.Transaction Template.GenericDATA.LISTPAGE()] [hisDAO OPEN]
2011-08-08 10:41:56,468 [http-8080-Processor21] INFO   - [HEM Desk --> HisUtil.Transaction Template.GenericDATA.LISTPAGE()] [hisDAO CLOSE]
2011-08-08 10:41:56,468 [http-8080-Processor21] INFO   - [BMED --> BmedConfigMstDAO] [hisDAO OPEN]
2011-08-08 10:41:56,484 [http-8080-Processor21] INFO   - [BMED --> BmedConfigMstDAO] [hisDAO CLOSE]
2011-08-08 10:41:56,484 [http-8080-Processor21] INFO   - [BMED --> BmedConfigMstDAO] [hisDAO OPEN]
2011-08-08 10:41:56,500 [http-8080-Processor21] INFO   - [BMED --> BmedConfigMstDAO] [hisDAO CLOSE]
2011-08-08 10:41:56,500 [http-8080-Processor21] INFO   - [BMED --> BmedConfigMstDAO] [hisDAO OPEN]
2011-08-08 10:41:56,515 [http-8080-Processor21] INFO   - [BMED --> BmedConfigMstDAO] [hisDAO CLOSE]
2011-08-08 10:41:56,531 [http-8080-Processor21] INFO   - [HEM Desk --> HisUtil.Transaction Template.GenericDATA.LISTPAGE()] [hisDAO OPEN]
2011-08-08 10:41:56,593 [http-8080-Processor21] INFO   - [HEM Desk --> HisUtil.Transaction Template.GenericDATA.LISTPAGE()] [hisDAO CLOSE]
2011-08-08 10:41:56,609 [http-8080-Processor21] INFO   - [BMED --> BmedConfigMstDAO] [hisDAO OPEN]
2011-08-08 10:41:56,609 [http-8080-Processor21] INFO   - [BMED --> BmedConfigMstDAO] [hisDAO CLOSE]
2011-08-08 10:41:56,609 [http-8080-Processor21] INFO   - [BMED --> BmedConfigMstDAO] [hisDAO OPEN]
2011-08-08 10:41:56,625 [http-8080-Processor21] INFO   - [BMED --> BmedConfigMstDAO] [hisDAO CLOSE]
2011-08-08 10:41:56,625 [http-8080-Processor21] INFO   - [BMED --> BmedConfigMstDAO] [hisDAO OPEN]
2011-08-08 10:41:56,625 [http-8080-Processor21] INFO   - [BMED --> BmedConfigMstDAO] [hisDAO CLOSE]
2011-08-08 10:41:56,640 [http-8080-Processor21] INFO   - [HEM Desk --> HisUtil.Transaction Template.GenericDATA.LISTPAGE()] [hisDAO OPEN]
2011-08-08 10:41:56,656 [http-8080-Processor21] INFO   - [HEM Desk --> HisUtil.Transaction Template.GenericDATA.LISTPAGE()] [hisDAO CLOSE]
2011-08-08 10:41:56,656 [http-8080-Processor21] INFO   - [BMED --> BmedConfigMstDAO] [hisDAO OPEN]
2011-08-08 10:41:56,671 [http-8080-Processor21] INFO   - [BMED --> BmedConfigMstDAO] [hisDAO CLOSE]
2011-08-08 10:41:56,671 [http-8080-Processor21] INFO   - [BMED --> BmedConfigMstDAO] [hisDAO OPEN]
2011-08-08 10:41:56,671 [http-8080-Processor21] INFO   - [BMED --> BmedConfigMstDAO] [hisDAO CLOSE]
2011-08-08 10:41:56,687 [http-8080-Processor21] INFO   - [BMED --> BmedConfigMstDAO] [hisDAO OPEN]
2011-08-08 10:41:56,687 [http-8080-Processor21] INFO   - [BMED --> BmedConfigMstDAO] [hisDAO CLOSE]
2011-08-08 10:41:59,546 [http-8080-Processor21] INFO   - [BMED --> BmedConfigMstDAO] [hisDAO OPEN]
2011-08-08 10:41:59,562 [http-8080-Processor21] INFO   - [BMED --> BmedConfigMstDAO] [hisDAO CLOSE]
2011-08-08 10:41:59,562 [http-8080-Processor21] INFO   - [TransactionTemplate --> GenericDAO] [hisDAO OPEN]
2011-08-08 10:41:59,875 [http-8080-Processor21] INFO   - [TransactionTemplate --> GenericDAO] [hisDAO CLOSE]
2011-08-08 10:41:59,875 [http-8080-Processor21] INFO   - [BMED --> BmedConfigMstDAO] [hisDAO OPEN]
2011-08-08 10:41:59,875 [http-8080-Processor21] INFO   - [BMED --> BmedConfigMstDAO] [hisDAO CLOSE]
2011-08-08 10:41:59,890 [http-8080-Processor21] INFO   - [BMED --> BmedConfigMstDAO] [hisDAO OPEN]
2011-08-08 10:41:59,890 [http-8080-Processor21] INFO   - [BMED --> BmedConfigMstDAO] [hisDAO CLOSE]
2011-08-08 10:41:59,890 [http-8080-Processor21] INFO   - [BMED --> BmedConfigMstDAO] [hisDAO OPEN]
2011-08-08 10:41:59,906 [http-8080-Processor21] INFO   - [BMED --> BmedConfigMstDAO] [hisDAO CLOSE]
2011-08-08 10:41:59,906 [http-8080-Processor21] INFO   - [BMED --> BmedConfigMstDAO] [hisDAO OPEN]
2011-08-08 10:41:59,906 [http-8080-Processor21] INFO   - [BMED --> BmedConfigMstDAO] [hisDAO CLOSE]
2011-08-08 10:41:59,921 [http-8080-Processor21] INFO   - [BMED --> BmedConfigMstDAO] [hisDAO OPEN]
2011-08-08 10:41:59,921 [http-8080-Processor21] INFO   - [BMED --> BmedConfigMstDAO] [hisDAO CLOSE]
2011-08-08 10:41:59,921 [http-8080-Processor21] INFO   - [BMED --> BmedConfigMstDAO] [hisDAO OPEN]
2011-08-08 10:41:59,937 [http-8080-Processor21] INFO   - [BMED --> BmedConfigMstDAO] [hisDAO CLOSE]
2011-08-08 10:41:59,937 [http-8080-Processor21] INFO   - [HEM Desk --> HisUtil.Transaction Template.GenericDATA.DEFAULT()] [hisDAO OPEN]
2011-08-08 10:41:59,937 [http-8080-Processor21] INFO   - [HEM Desk --> HisUtil.Transaction Template.GenericDATA.DEFAULT()] [hisDAO CLOSE]
2011-08-08 10:41:59,953 [http-8080-Processor21] INFO   - [BMED --> BmedConfigMstDAO] [hisDAO OPEN]
2011-08-08 10:41:59,953 [http-8080-Processor21] INFO   - [BMED --> BmedConfigMstDAO] [hisDAO CLOSE]
2011-08-08 10:41:59,953 [http-8080-Processor21] INFO   - [BMED --> BmedConfigMstDAO] [hisDAO OPEN]
2011-08-08 10:41:59,968 [http-8080-Processor21] INFO   - [BMED --> BmedConfigMstDAO] [hisDAO CLOSE]
2011-08-08 10:41:59,968 [http-8080-Processor21] INFO   - [BMED --> BmedConfigMstDAO] [hisDAO OPEN]
2011-08-08 10:41:59,968 [http-8080-Processor21] INFO   - [BMED --> BmedConfigMstDAO] [hisDAO CLOSE]
2011-08-08 10:41:59,968 [http-8080-Processor21] INFO   - [HEM Desk --> HisUtil.Transaction Template.GenericDATA.DEFAULT()] [hisDAO OPEN]
2011-08-08 10:41:59,984 [http-8080-Processor21] INFO   - [HEM Desk --> HisUtil.Transaction Template.GenericDATA.DEFAULT()] [hisDAO CLOSE]
2011-08-08 10:42:00,000 [http-8080-Processor21] INFO   - [BMED --> BmedConfigMstDAO] [hisDAO OPEN]
2011-08-08 10:42:00,000 [http-8080-Processor21] INFO   - [BMED --> BmedConfigMstDAO] [hisDAO CLOSE]
2011-08-08 10:42:00,000 [http-8080-Processor21] INFO   - [BMED --> BmedConfigMstDAO] [hisDAO OPEN]
2011-08-08 10:42:00,000 [http-8080-Processor21] INFO   - [BMED --> BmedConfigMstDAO] [hisDAO CLOSE]
2011-08-08 10:42:00,015 [http-8080-Processor21] INFO   - [BMED --> BmedConfigMstDAO] [hisDAO OPEN]
2011-08-08 10:42:00,015 [http-8080-Processor21] INFO   - [BMED --> BmedConfigMstDAO] [hisDAO CLOSE]
2011-08-08 10:42:00,015 [http-8080-Processor21] INFO   - [HEM Desk --> HisUtil.Transaction Template.GenericDATA.DEFAULT()] [hisDAO OPEN]
2011-08-08 10:42:00,031 [http-8080-Processor21] INFO   - [HEM Desk --> HisUtil.Transaction Template.GenericDATA.DEFAULT()] [hisDAO CLOSE]
2011-08-08 10:42:00,031 [http-8080-Processor21] INFO   - [BMED --> BmedConfigMstDAO] [hisDAO OPEN]
2011-08-08 10:42:00,046 [http-8080-Processor21] INFO   - [BMED --> BmedConfigMstDAO] [hisDAO CLOSE]
2011-08-08 10:42:00,046 [http-8080-Processor21] INFO   - [BMED --> BmedConfigMstDAO] [hisDAO OPEN]
2011-08-08 10:42:00,046 [http-8080-Processor21] INFO   - [BMED --> BmedConfigMstDAO] [hisDAO CLOSE]
2011-08-08 10:42:00,046 [http-8080-Processor21] INFO   - [BMED --> BmedConfigMstDAO] [hisDAO OPEN]
2011-08-08 10:42:00,062 [http-8080-Processor21] INFO   - [BMED --> BmedConfigMstDAO] [hisDAO CLOSE]
2011-08-08 10:42:45,968 [http-8080-Processor21] INFO   - [bmed --> BmedTransBO] [hisDAO OPEN]
