2011-08-04 16:04:54,390 [http-8082-Processor19] INFO   - [ERROR ID :: 2011001388][MMS --> OfflineIssueIndentTransDATA->ApprovedByCombo()] [OfflineIssueIndentTransBO.ApprovedByCombo() --> OfflineIssueIndentDAO.getApprovedByCombo() --> HisDAO.executeProcedure() -->HisProcedure.executeProc({call PKG_MMS_VIEW.proc_store_emp_dtl(modeVal=>'1')) -->
null]
2011-08-04 16:12:38,062 [http-8082-Processor23] INFO   - [ERROR ID :: 2011001389][MMS --> OfflineIssueIndentTransDATA->ApprovedByCombo()] [OfflineIssueIndentTransBO.ApprovedByCombo() --> OfflineIssueIndentDAO.getApprovedByCombo() --> HisDAO.executeProcedure() -->HisProcedure.executeProc({call PKG_MMS_VIEW.proc_store_emp_dtl(modeVal=>'1')) -->
null]
2011-08-04 16:20:40,828 [main] INFO  org.apache.struts.tiles.TilesRequestProcessor - Tiles definition factory found for request processor '/purchase'.
2011-08-04 16:20:40,828 [main] INFO  org.apache.struts.tiles.TilesRequestProcessor - Tiles definition factory found for request processor '/hisglobal/transactionutil'.
2011-08-04 16:36:40,515 [http-8082-Processor19] INFO   - [ERROR ID :: 2011001390][MMS --> OfflineIssueIndentTransDATA->ApprovedByCombo()] [OfflineIssueIndentTransBO.ApprovedByCombo() --> OfflineIssueIndentDAO.getApprovedByCombo() --> HisDAO.executeProcedure() -->HisProcedure.executeProc({call PKG_MMS_VIEW.proc_store_emp_dtl(modeVal=>'1')) -->
null]
2011-08-04 16:37:06,359 [http-8082-Processor24] INFO   - [ERROR ID :: 2011001391][MMS --> OfflineIssueIndentTransDATA->ApprovedByCombo()] [OfflineIssueIndentTransBO.ApprovedByCombo() --> OfflineIssueIndentDAO.getApprovedByCombo() --> HisDAO.executeProcedure() -->HisProcedure.executeProc({call PKG_MMS_VIEW.proc_store_emp_dtl(modeVal=>'1')) -->
null]
2011-08-04 17:09:53,281 [http-8082-Processor20] INFO   - [ERROR ID :: 2011001392][MMS --> OfflineIssueIndentTransDATA->ApprovedByCombo()] [OfflineIssueIndentTransBO.ApprovedByCombo() --> OfflineIssueIndentDAO.getApprovedByCombo() --> HisDAO.executeProcedure() -->HisProcedure.executeProc({call PKG_MMS_VIEW.proc_store_emp_dtl(modeVal=>'1')) -->
null]
2011-08-04 17:10:51,437 [http-8082-Processor21] INFO   - [ERROR ID :: 2011001393][MMS --> OfflineIssueIndentTransDATA->ApprovedByCombo()] [OfflineIssueIndentTransBO.ApprovedByCombo() --> OfflineIssueIndentDAO.getApprovedByCombo() --> HisDAO.executeProcedure() -->HisProcedure.executeProc({call PKG_MMS_VIEW.proc_store_emp_dtl(modeVal=>'1')) -->
null]
2011-08-04 17:11:04,031 [http-8082-Processor18] INFO   - [ERROR ID :: 2011001394][MMS --> OfflineIssueIndentTransDATA->ApprovedByCombo()] [OfflineIssueIndentTransBO.ApprovedByCombo() --> OfflineIssueIndentDAO.getApprovedByCombo() --> HisDAO.executeProcedure() -->HisProcedure.executeProc({call PKG_MMS_VIEW.proc_store_emp_dtl(modeVal=>'1')) -->
null]
2011-08-04 17:12:30,781 [http-8082-Processor24] INFO   - [ERROR ID :: 2011001395][MMS --> OfflineIssueIndentTransDATA->ApprovedByCombo()] [OfflineIssueIndentTransBO.ApprovedByCombo() --> OfflineIssueIndentDAO.getApprovedByCombo() --> HisDAO.executeProcedure() -->HisProcedure.executeProc({call PKG_MMS_VIEW.proc_store_emp_dtl(modeVal=>'1')) -->
null]
2011-08-04 17:12:38,234 [ContainerBackgroundProcessor[StandardEngine[Catalina]]] INFO  org.apache.struts.tiles.TilesRequestProcessor - Tiles definition factory found for request processor '/purchase'.
2011-08-04 17:12:38,234 [ContainerBackgroundProcessor[StandardEngine[Catalina]]] INFO  org.apache.struts.tiles.TilesRequestProcessor - Tiles definition factory found for request processor '/hisglobal/transactionutil'.
2011-08-04 17:16:04,265 [http-8082-Processor23] INFO   - [ERROR ID :: 2011001396][MMS --> OfflineIssueIndentTransDATA->ApprovedByCombo()] [OfflineIssueIndentTransBO.ApprovedByCombo() --> OfflineIssueIndentDAO.getApprovedByCombo() --> HisDAO.executeProcedure() -->HisProcedure.executeProc({call PKG_MMS_VIEW.proc_store_emp_dtl(modeVal=>'1')) -->
null]
2011-08-04 17:22:17,093 [http-8082-Processor24] INFO   - [ERROR ID :: 2011001397][MMS --> OfflineIssueIndentTransDATA->ApprovedByCombo()] [OfflineIssueIndentTransBO.ApprovedByCombo() --> OfflineIssueIndentDAO.getApprovedByCombo() --> HisDAO.executeProcedure() -->HisProcedure.executeProc({call PKG_MMS_VIEW.proc_store_emp_dtl(modeVal=>'1')) -->
null]
2011-08-04 17:22:17,140 [http-8082-Processor19] INFO   - [ERROR ID :: 2011001398][MMS --> OfflineIssueIndentTransDATA->ApprovedByCombo()] [OfflineIssueIndentTransBO.ApprovedByCombo() --> OfflineIssueIndentDAO.getApprovedByCombo() --> HisDAO.executeProcedure() -->HisProcedure.executeProc({call PKG_MMS_VIEW.proc_store_emp_dtl(modeVal=>'1')) -->
null]
2011-08-04 17:23:08,156 [ContainerBackgroundProcessor[StandardEngine[Catalina]]] INFO  org.apache.struts.tiles.TilesRequestProcessor - Tiles definition factory found for request processor '/purchase'.
2011-08-04 17:23:08,156 [ContainerBackgroundProcessor[StandardEngine[Catalina]]] INFO  org.apache.struts.tiles.TilesRequestProcessor - Tiles definition factory found for request processor '/hisglobal/transactionutil'.
2016-09-20 15:44:38,522 [http-bio-8080-exec-8] INFO   - [ERROR ID :: 2016000001][mms --> ChallanProcessTransDATA->getScheduleDtlsTwo()] [Drug Inventory.NewChallanProcessTransDATA.getScheduleDtlsTwo(vo) --> 1]
2016-09-20 15:44:58,531 [http-bio-8080-exec-8] INFO   - [ERROR ID :: 2016000002][mms --> ChallanProcessTransDATA->insert()] [NewChallanProcessTransDATA.insert(vo) --> NewChallanProcessTransBO.insert() --> NewChallanProcessTransDAO.verifyInsert() --> null]
2016-09-20 15:44:59,184 [http-bio-8080-exec-8] INFO   - [ERROR ID :: 2016000003][mms --> ChallanProcessTransDATA->getScheduleDtlsTwo()] [Drug Inventory.NewChallanProcessTransDATA.getScheduleDtlsTwo(vo) --> 1]
2016-09-20 16:06:08,797 [http-bio-8080-exec-7] INFO  org.apache.struts.util.PropertyMessageResources - Initializing, config='org.apache.struts.taglib.html.LocalStrings', returnNull=true
2016-09-20 16:36:01,995 [http-bio-8080-exec-18] INFO  org.apache.struts.tiles.TilesRequestProcessor - Tiles definition factory found for request processor '/purchase'.
2016-09-21 12:19:22,314 [http-bio-8080-exec-7] INFO   - [ERROR ID :: 2016000004][Issue Desk --> GenericData-->LISTPAGE()] [GenericHLP.getCombo() --> 2]
2016-09-21 12:20:15,911 [http-bio-8080-exec-10] INFO   - [ERROR ID :: 2016000005][Issue Desk --> GenericData-->LISTPAGE()] [GenericHLP.getCombo() --> 2]
2016-09-21 12:30:40,619 [http-bio-8080-exec-9] INFO  org.apache.struts.tiles.TilesRequestProcessor - Tiles definition factory found for request processor '/purchase'.
2016-09-21 12:30:48,615 [http-bio-8080-exec-9] INFO  org.apache.struts.util.PropertyMessageResources - Initializing, config='org.apache.struts.taglib.html.LocalStrings', returnNull=true
2016-09-21 12:30:48,615 [http-bio-8080-exec-9] INFO  org.apache.struts.util.PropertyMessageResources - Initializing, config='org.apache.struts.taglib.html.LocalStrings', returnNull=true
2016-09-21 13:12:08,251 [http-bio-8080-exec-4] INFO  org.apache.struts.util.PropertyMessageResources - Initializing, config='org.apache.struts.taglib.html.LocalStrings', returnNull=true
2016-09-22 10:57:47,649 [http-bio-8080-exec-1] INFO   - [ERROR ID :: 2016000006][Issue Desk --> GenericData-->LISTPAGE()] [GenericHLP.getCombo() --> 2]
2016-09-22 10:59:25,035 [http-bio-8080-exec-1] INFO   - [ERROR ID :: 2016000007][Issue Desk --> GenericData-->LISTPAGE()] [GenericHLP.getCombo() --> 2]
2016-09-26 15:10:23,701 [http-bio-8080-exec-4] INFO   - [ERROR ID :: 2016000008][Indent Desk --> GenericData-->setUserName()] [GenericBO.getUserName --> GenericDAO.getUserName -->Array index out of range: 0]
2016-09-26 15:18:57,815 [http-bio-8080-exec-2] INFO   - [ERROR ID :: 2016000009][mms --> IndentApprovalDeskDATA->viewData()] [IndentApprovalDeskDATA.viewData(vo) --> IndentApprovalDeskBO.viewData() --> --> IndentApprovalDeskDAO.getItemDetails()-->HisDAO.executeProcedureByPosition() -->HisProcedure.executeProcByPosition({call PKG_MMS_VIEW.PROC_GET_INDENTITEM_DTL(modval=>'1',storeId=>'10001100',hosp_code=>'101',reqNo=>'111716090000010',reqTypeId=>'17',err=>':X1',resultset=>':X2')) -->
ERROR: more than one row returned by a subquery used as an expression]
2016-09-26 15:20:17,960 [http-bio-8080-exec-8] INFO   - [ERROR ID :: 2016000010][mms --> IndentApprovalDeskDATA->viewData()] [IndentApprovalDeskDATA.viewData(vo) --> IndentApprovalDeskBO.viewData() --> --> IndentApprovalDeskDAO.getItemDetails()-->HisDAO.executeProcedureByPosition() -->HisProcedure.executeProcByPosition({call PKG_MMS_VIEW.PROC_GET_INDENTITEM_DTL(modval=>'1',storeId=>'10001100',hosp_code=>'101',reqNo=>'111716090000010',reqTypeId=>'17',err=>':X1',resultset=>':X2')) -->
ERROR: more than one row returned by a subquery used as an expression]
2016-09-26 15:20:23,840 [http-bio-8080-exec-7] INFO   - [ERROR ID :: 2016000011][mms --> IndentApprovalDeskDATA->ApprovedRecord()] [IndentApprovalDeskDATA.ApprovedRecord(vo) --> IndentApprovalDeskBO.viewData() --> -->IndentApprovalDeskDAO.getItemDetails()-->HisDAO.executeProcedureByPosition() -->HisProcedure.executeProcByPosition({call PKG_MMS_VIEW.PROC_GET_INDENTITEM_DTL(modval=>'1',storeid=>'10001100',hosp_code=>'101',reqno=>'111716090000010',reqtypeid=>'17',err=>':X1',resultset=>':X2')) -->
ERROR: more than one row returned by a subquery used as an expression]
2016-09-26 15:20:57,163 [http-bio-8080-exec-7] INFO   - [ERROR ID :: 2016000012][mms --> IndentApprovalDeskDATA->ApprovedRecord()] [IndentApprovalDeskDATA.ApprovedRecord(vo) --> IndentApprovalDeskBO.viewData() --> -->IndentApprovalDeskDAO.getItemDetails()-->HisDAO.executeProcedureByPosition() -->HisProcedure.executeProcByPosition({call PKG_MMS_VIEW.PROC_GET_INDENTITEM_DTL(modval=>'1',storeid=>'10001100',hosp_code=>'101',reqno=>'111716090000010',reqtypeid=>'17',err=>':X1',resultset=>':X2')) -->
ERROR: more than one row returned by a subquery used as an expression]
2016-09-26 15:21:05,120 [http-bio-8080-exec-7] INFO   - [ERROR ID :: 2016000013][mms --> IndentApprovalDeskDATA->viewData()] [IndentApprovalDeskDATA.viewData(vo) --> IndentApprovalDeskBO.viewData() --> --> IndentApprovalDeskDAO.getItemDetails()-->HisDAO.executeProcedureByPosition() -->HisProcedure.executeProcByPosition({call PKG_MMS_VIEW.PROC_GET_INDENTITEM_DTL(modval=>'1',storeId=>'10001100',hosp_code=>'101',reqNo=>'111716090000010',reqTypeId=>'17',err=>':X1',resultset=>':X2')) -->
ERROR: more than one row returned by a subquery used as an expression]
2016-09-26 15:21:09,198 [http-bio-8080-exec-7] INFO   - [ERROR ID :: 2016000014][mms --> IndentApprovalDeskDATA->ApprovedRecord()] [IndentApprovalDeskDATA.ApprovedRecord(vo) --> IndentApprovalDeskBO.viewData() --> -->IndentApprovalDeskDAO.getItemDetails()-->HisDAO.executeProcedureByPosition() -->HisProcedure.executeProcByPosition({call PKG_MMS_VIEW.PROC_GET_INDENTITEM_DTL(modval=>'1',storeid=>'10001100',hosp_code=>'101',reqno=>'111716090000010',reqtypeid=>'17',err=>':X1',resultset=>':X2')) -->
ERROR: more than one row returned by a subquery used as an expression]
2016-09-26 15:22:48,451 [http-bio-8080-exec-7] INFO   - [ERROR ID :: 2016000015][mms --> IndentApprovalDeskDATA->ApprovedRecord()] [IndentApprovalDeskDATA.ApprovedRecord(vo) --> IndentApprovalDeskBO.viewData() --> -->IndentApprovalDeskDAO.getItemDetails()-->HisDAO.executeProcedureByPosition() -->HisProcedure.executeProcByPosition({call PKG_MMS_VIEW.PROC_GET_INDENTITEM_DTL(modval=>'1',storeid=>'10001100',hosp_code=>'101',reqno=>'111716090000010',reqtypeid=>'17',err=>':X1',resultset=>':X2')) -->
ERROR: more than one row returned by a subquery used as an expression]
2016-09-26 15:24:44,318 [http-bio-8080-exec-7] INFO   - [ERROR ID :: 2016000016][mms --> IndentApprovalDeskDATA->ApprovedRecord()] [IndentApprovalDeskDATA.ApprovedRecord(vo) --> IndentApprovalDeskBO.viewData() --> -->IndentApprovalDeskDAO.getItemDetails()-->HisDAO.executeProcedureByPosition() -->HisProcedure.executeProcByPosition({call PKG_MMS_VIEW.PROC_GET_INDENTITEM_DTL(modval=>'1',storeid=>'10001100',hosp_code=>'101',reqno=>'111716090000010',reqtypeid=>'17',err=>':X1',resultset=>':X2')) -->
ERROR: more than one row returned by a subquery used as an expression]
2016-09-26 15:25:21,555 [http-bio-8080-exec-7] INFO   - [ERROR ID :: 2016000017][mms --> IndentApprovalDeskDATA->viewData()] [IndentApprovalDeskDATA.viewData(vo) --> IndentApprovalDeskBO.viewData() --> --> IndentApprovalDeskDAO.getItemDetails()-->HisDAO.executeProcedureByPosition() -->HisProcedure.executeProcByPosition({call PKG_MMS_VIEW.PROC_GET_INDENTITEM_DTL(modval=>'1',storeId=>'10001100',hosp_code=>'101',reqNo=>'111716090000010',reqTypeId=>'17',err=>':X1',resultset=>':X2')) -->
ERROR: more than one row returned by a subquery used as an expression]
2017-05-29 16:39:37,263 [http-bio-8080-exec-15] INFO   - [ERROR ID :: 2017000016][mms --> ItemConsumptionSummeryDATA->initialAdd()] [null]
2017-05-29 16:39:37,266 [http-bio-8080-exec-15] WARN  org.apache.struts.action.RequestProcessor - Unhandled Exception thrown: class java.lang.NullPointerException
2017-05-29 16:44:21,693 [http-bio-8080-exec-15] INFO   - [ERROR ID :: 2017000017][mms --> ItemConsumptionSummeryDATA->initialAdd()] [null]
2017-05-29 16:44:21,693 [http-bio-8080-exec-15] WARN  org.apache.struts.action.RequestProcessor - Unhandled Exception thrown: class java.lang.NullPointerException
2017-05-29 16:44:21,778 [http-bio-8080-exec-15] INFO   - [ERROR ID :: 2017000018][mms --> ItemConsumptionSummeryDATA->initialAdd()] [null]
2017-05-29 16:44:21,778 [http-bio-8080-exec-15] WARN  org.apache.struts.action.RequestProcessor - Unhandled Exception thrown: class java.lang.NullPointerException
2017-05-29 16:45:24,761 [http-bio-8080-exec-3] INFO   - [ERROR ID :: 2017000019][mms --> ItemConsumptionSummeryDATA->initialAdd()] [null]
2017-05-29 16:45:24,761 [http-bio-8080-exec-3] WARN  org.apache.struts.action.RequestProcessor - Unhandled Exception thrown: class java.lang.NullPointerException
2017-05-29 16:45:24,861 [http-bio-8080-exec-3] INFO   - [ERROR ID :: 2017000020][mms --> ItemConsumptionSummeryDATA->initialAdd()] [null]
2017-05-29 16:45:24,862 [http-bio-8080-exec-3] WARN  org.apache.struts.action.RequestProcessor - Unhandled Exception thrown: class java.lang.NullPointerException
2017-05-29 16:45:34,806 [http-bio-8080-exec-3] INFO  org.apache.jcs.engine.control.CompositeCacheConfigurator - No special ElementAttribute class defined for key [jcs.region.hisDAOCacheVO.elementattributes], using default class.
2017-05-29 16:45:34,806 [http-bio-8080-exec-3] INFO  org.apache.jcs.engine.memory.lru.LRUMemoryCache - initialized LRUMemoryCache for hisDAOCacheVO
2017-05-29 16:45:34,806 [http-bio-8080-exec-3] INFO  org.apache.jcs.engine.control.CompositeCache - Constructed cache with name [hisDAOCacheVO] and cache attributes [ useLateral = true, useRemote = true, useDisk = true, maxObjs = 4000, maxSpoolPerRun = -1, diskUsagePattern = 0 ]
2017-05-29 16:45:36,421 [http-bio-8080-exec-3] INFO  org.apache.struts.util.PropertyMessageResources - Initializing, config='org.apache.struts.taglib.html.LocalStrings', returnNull=true
2017-05-29 16:45:36,422 [http-bio-8080-exec-3] INFO  org.apache.struts.util.PropertyMessageResources - Initializing, config='org.apache.struts.util.LocalStrings', returnNull=true
2017-05-29 16:45:36,422 [http-bio-8080-exec-3] INFO  org.apache.struts.util.PropertyMessageResources - Initializing, config='org.apache.struts.taglib.bean.LocalStrings', returnNull=true
2017-05-29 16:45:36,426 [http-bio-8080-exec-3] INFO  org.apache.struts.util.PropertyMessageResources - Initializing, config='org.apache.struts.taglib.html.LocalStrings', returnNull=true
2017-05-29 16:45:36,426 [http-bio-8080-exec-3] INFO  org.apache.struts.util.PropertyMessageResources - Initializing, config='org.apache.struts.taglib.html.LocalStrings', returnNull=true
2017-05-29 16:45:36,427 [http-bio-8080-exec-3] INFO  org.apache.struts.util.PropertyMessageResources - Initializing, config='org.apache.struts.taglib.html.LocalStrings', returnNull=true
2017-05-29 16:45:40,146 [http-bio-8080-exec-15] INFO   - [ERROR ID :: 2017000021][mms --> ItemConsumptionSummeryDATA->initialAdd()] [null]
2017-05-29 16:45:40,147 [http-bio-8080-exec-15] WARN  org.apache.struts.action.RequestProcessor - Unhandled Exception thrown: class java.lang.NullPointerException
2017-05-29 16:45:40,239 [http-bio-8080-exec-15] INFO   - [ERROR ID :: 2017000022][mms --> ItemConsumptionSummeryDATA->initialAdd()] [null]
2017-05-29 16:45:40,239 [http-bio-8080-exec-15] WARN  org.apache.struts.action.RequestProcessor - Unhandled Exception thrown: class java.lang.NullPointerException
2017-05-29 17:12:27,352 [http-bio-8080-exec-1] INFO   - [ERROR ID :: 2017000023][mms --> ReturnRequestTransDATA->INSERT()] [ReturnRequestTransDATA.INSERT(vo) --> 1]
2017-06-05 10:56:11,053 [http-bio-8080-exec-7] INFO   - [ERROR ID :: 2017000024][mms --> IssueEmployeeTransDATA->insert()] [mms.transactions.IssueEmployeeTransDATA.insert --> IssueEmployeeTransBO.insert()-->IssueTransDAO.insert() --> HisDAO.fire() -->HisProcedure.executeProc_Batch({call Pkg_Mms_Dml.Dml_Patemp_Issue_Dtls(modeval=>'1',strStoreId=>'10001101',req_No=>'0',strIssueNo=>'133217060500001',hosp_code=>'101',strOrderBy=>'101710000066',strOrderDate=>'05-Jun-2017',days=>'0',strCrNo=>'0',strReqTypeId=>'34',stradmno=>'0',strempno=>'101710000066',strItemCatNo=>'13',strFinalCost=>'',strFinStartDate=>'01-Apr-2014',strFinEndDate=>'31-Mar-2015',strSeatId=>'10001',strDeptUnitCode=>'0',strVisitType=>'0',strDeptCode=>'144',strWardCode=>'0',strRecieveBy=>'Anoj Panwar',strRemarks=>'adfa',strReqDate=>'05-Jun-2017',strEpiCode=>'0',strVisitNo=>'0',p_first_name=>'Anoj Panwar',p_middle_name=>'',p_last_name=>'',p_hststr_father_name=>'',p_hstdt_age=>'',p_gnum_gender_code=>'',p_hststr_address=>'',p_hststr_patient_id=>'',p_hstnum_patient_type=>'',p_trans_type=>'',p_age_unit=>'',p_issue_date=>'05-Jun-2017',p_out_stock=>'',err=>':X1')) -->
Error thrown by procedure : Dml_patemp_Issue_Dtls  :: duplicate key value violates unique constraint "sstt_patemp_issue_dtl_pkey"]
2017-06-05 11:01:53,665 [http-bio-8080-exec-4] INFO   - [ERROR ID :: 2017000025][mms --> IssueEmployeeTransDATA->insert()] [mms.transactions.IssueEmployeeTransDATA.insert --> IssueEmployeeTransBO.insert()-->IssueTransDAO.insert() --> HisDAO.fire() -->HisProcedure.executeProc_Batch({call Pkg_Mms_Dml.Dml_Patemp_Issue_Dtls(modeval=>'1',strStoreId=>'10001101',req_No=>'0',strIssueNo=>'133217060500002',hosp_code=>'101',strOrderBy=>'013048',strOrderDate=>'05-Jun-2017',days=>'0',strCrNo=>'0',strReqTypeId=>'34',stradmno=>'0',strempno=>'101710000066',strItemCatNo=>'13',strFinalCost=>'',strFinStartDate=>'01-Apr-2014',strFinEndDate=>'31-Mar-2015',strSeatId=>'10001',strDeptUnitCode=>'0',strVisitType=>'0',strDeptCode=>'144',strWardCode=>'0',strRecieveBy=>'Anoj Panwar',strRemarks=>'kkk',strReqDate=>'05-Jun-2017',strEpiCode=>'0',strVisitNo=>'0',p_first_name=>'Anoj Panwar',p_middle_name=>'',p_last_name=>'',p_hststr_father_name=>'',p_hstdt_age=>'',p_gnum_gender_code=>'',p_hststr_address=>'',p_hststr_patient_id=>'',p_hstnum_patient_type=>'',p_trans_type=>'',p_age_unit=>'',p_issue_date=>'05-Jun-2017',p_out_stock=>'',err=>':X1')) -->
Error thrown by procedure : Dml_patemp_Issue_Dtls  :: duplicate key value violates unique constraint "sstt_patemp_issue_dtl_pkey"]
2017-06-05 12:17:15,453 [http-bio-8080-exec-7] INFO   - [ERROR ID :: 2017000026][mms --> ReturnFromEmployeeTransDATA->insert()] [hisglobaltransactionutil.ReturnFromEmployeeTransDATA.insert(vo) --> ReturnFromEmployeeTransBO.insert() --> ReturnFromEmployeeTransDAO.insert() --> HisDAO.fire() -->No Query/Procedure added into batch]
2017-06-05 12:18:27,289 [ContainerBackgroundProcessor[StandardEngine[Catalina]]] INFO  org.apache.struts.tiles.TilesRequestProcessor - Tiles definition factory found for request processor '/dynamicreports'.
2017-06-05 12:18:27,289 [ContainerBackgroundProcessor[StandardEngine[Catalina]]] INFO  org.apache.struts.tiles.TilesRequestProcessor - Tiles definition factory found for request processor '/purchase'.
2017-06-05 12:18:27,289 [ContainerBackgroundProcessor[StandardEngine[Catalina]]] INFO  org.apache.struts.tiles.TilesRequestProcessor - Tiles definition factory found for request processor '/billing'.
2017-06-05 12:18:27,289 [ContainerBackgroundProcessor[StandardEngine[Catalina]]] INFO  org.apache.struts.tiles.TilesRequestProcessor - Tiles definition factory found for request processor '/ipd'.
2017-06-05 13:30:35,294 [http-bio-8080-exec-5] INFO   - [ERROR ID :: 2017000027][mms --> IssueEmployeeTransDATA->insert()] [mms.transactions.IssueEmployeeTransDATA.insert --> IssueEmployeeTransBO.insert()-->IssueTransDAO.insert() --> HisDAO.fire() -->HisProcedure.executeProc_Batch({call Pkg_Mms_Dml.Dml_Patemp_Issue_Dtls(modeval=>'1',strStoreId=>'10001101',req_No=>'0',strIssueNo=>'123217060500001',hosp_code=>'101',strOrderBy=>'999970500001',strOrderDate=>'05-Jun-2017',days=>'0',strCrNo=>'0',strReqTypeId=>'34',stradmno=>'0',strempno=>'101710000066',strItemCatNo=>'12',strFinalCost=>'',strFinStartDate=>'01-Apr-2014',strFinEndDate=>'31-Mar-2015',strSeatId=>'10001',strDeptUnitCode=>'0',strVisitType=>'0',strDeptCode=>'144',strWardCode=>'0',strRecieveBy=>'Anoj Panwar',strRemarks=>'rg',strReqDate=>'05-Jun-2017',strEpiCode=>'0',strVisitNo=>'0',p_first_name=>'Anoj Panwar',p_middle_name=>'',p_last_name=>'',p_hststr_father_name=>'',p_hstdt_age=>'',p_gnum_gender_code=>'',p_hststr_address=>'',p_hststr_patient_id=>'',p_hstnum_patient_type=>'',p_trans_type=>'',p_age_unit=>'',p_issue_date=>'05-Jun-2017',p_out_stock=>'',err=>':X1')) -->
Error thrown by procedure : Dml_patemp_Issue_Dtls  :: duplicate key value violates unique constraint "sstt_issue_dtl_pkey"]
2017-06-05 13:36:24,866 [http-bio-8080-exec-14] INFO   - [ERROR ID :: 2017000028][mms --> IssueEmployeeTransDATA->insert()] [mms.transactions.IssueEmployeeTransDATA.insert --> IssueEmployeeTransBO.insert()-->IssueTransDAO.insert() --> HisDAO.fire() -->HisProcedure.executeProc_Batch({call Pkg_Mms_Dml.Dml_Patemp_Issue_Dtls(modeval=>'1',strStoreId=>'10001101',req_No=>'0',strIssueNo=>'123217060500002',hosp_code=>'101',strOrderBy=>'999970500001',strOrderDate=>'05-Jun-2017',days=>'0',strCrNo=>'0',strReqTypeId=>'34',stradmno=>'0',strempno=>'101710000066',strItemCatNo=>'12',strFinalCost=>'',strFinStartDate=>'01-Apr-2014',strFinEndDate=>'31-Mar-2015',strSeatId=>'10001',strDeptUnitCode=>'0',strVisitType=>'0',strDeptCode=>'144',strWardCode=>'0',strRecieveBy=>'Anoj Panwar',strRemarks=>'sdf',strReqDate=>'05-Jun-2017',strEpiCode=>'0',strVisitNo=>'0',p_first_name=>'Anoj Panwar',p_middle_name=>'',p_last_name=>'',p_hststr_father_name=>'',p_hstdt_age=>'',p_gnum_gender_code=>'',p_hststr_address=>'',p_hststr_patient_id=>'',p_hstnum_patient_type=>'',p_trans_type=>'',p_age_unit=>'',p_issue_date=>'05-Jun-2017',p_out_stock=>'',err=>':X1')) -->
Error thrown by procedure : Dml_patemp_Issue_Dtls  :: duplicate key value violates unique constraint "sstt_issue_dtl_pkey"]
2017-06-05 13:44:14,366 [http-bio-8080-exec-12] INFO   - [ERROR ID :: 2017000029][mms --> IssueEmployeeTransDATA->insert()] [mms.transactions.IssueEmployeeTransDATA.insert --> IssueEmployeeTransBO.insert()-->IssueTransDAO.insert() --> HisDAO.fire() -->HisProcedure.executeProc_Batch({call Pkg_Mms_Dml.Dml_Patemp_Issue_Dtls(modeval=>'1',strStoreId=>'10001101',req_No=>'0',strIssueNo=>'133217060500001',hosp_code=>'101',strOrderBy=>'999970500001',strOrderDate=>'05-Jun-2017',days=>'0',strCrNo=>'0',strReqTypeId=>'34',stradmno=>'0',strempno=>'101710000066',strItemCatNo=>'13',strFinalCost=>'',strFinStartDate=>'01-Apr-2014',strFinEndDate=>'31-Mar-2015',strSeatId=>'10001',strDeptUnitCode=>'0',strVisitType=>'0',strDeptCode=>'144',strWardCode=>'0',strRecieveBy=>'Anoj Panwar',strRemarks=>'',strReqDate=>'05-Jun-2017',strEpiCode=>'0',strVisitNo=>'0',p_first_name=>'Anoj Panwar',p_middle_name=>'',p_last_name=>'',p_hststr_father_name=>'',p_hstdt_age=>'',p_gnum_gender_code=>'',p_hststr_address=>'',p_hststr_patient_id=>'',p_hstnum_patient_type=>'',p_trans_type=>'',p_age_unit=>'',p_issue_date=>'05-Jun-2017',p_out_stock=>'',err=>':X1')) -->
Error thrown by procedure : Dml_patemp_Issue_Dtls  :: duplicate key value violates unique constraint "sstt_issue_dtl_pkey"]
